Date/Time:       2025-11-21 11:14:22 
Command line:    C:\Users\artur\AppData\Local\Programs\Python\Python310\Scripts\briefcase dev

OS Release:      Windows 10
OS Version:      10.0.26200
Architecture:    AMD64
Platform:        Windows-10-10.0.26200-SP0

Python exe:      C:\Users\artur\AppData\Local\Programs\Python\Python310\python.exe
Python version:  3.10.11 (tags/v3.10.11:7d4cc5a, Apr  5 2023, 00:38:17) [MSC v.1929 64 bit (AMD64)]
Virtual env:     False
Conda env:       False

Briefcase:       0.3.25
Target platform: windows
Target format:   app

Environment Variables:
	ALLUSERSPROFILE=C:\ProgramData
	APPCODE_VM_OPTIONS=C:\ja-netfilter-all\vmoptions\appcode.vmoptions
	APPDATA=C:\Users\artur\AppData\Roaming
	CLION_VM_OPTIONS=C:\ja-netfilter-all\vmoptions\clion.vmoptions
	COMMONPROGRAMFILES=C:\Program Files\Common Files
	COMMONPROGRAMFILES(X86)=C:\Program Files (x86)\Common Files
	COMMONPROGRAMW6432=C:\Program Files\Common Files
	COMPUTERNAME=GAPIS_PC
	COMSPEC=C:\WINDOWS\system32\cmd.exe
	DATAGRIP_VM_OPTIONS=C:\ja-netfilter-all\vmoptions\datagrip.vmoptions
	DATASPELL_VM_OPTIONS=C:\ja-netfilter-all\vmoptions\dataspell.vmoptions
	DEVECOSTUDIO_VM_OPTIONS=C:\ja-netfilter-all\vmoptions\devecostudio.vmoptions
	DRIVERDATA=C:\Windows\System32\Drivers\DriverData
	EFC_11832_1592913036=1
	GATEWAY_VM_OPTIONS=C:\ja-netfilter-all\vmoptions\gateway.vmoptions
	GOLAND_VM_OPTIONS=C:\ja-netfilter-all\vmoptions\goland.vmoptions
	HOMEDRIVE=C:
	HOMEPATH=\Users\artur
	IDEA_INITIAL_DIRECTORY=C:\Users\artur\Desktop
	IDEA_VM_OPTIONS=C:\ja-netfilter-all\vmoptions\idea.vmoptions
	JETBRAINSCLIENT_VM_OPTIONS=C:\ja-netfilter-all\vmoptions\jetbrainsclient.vmoptions
	JETBRAINS_CLIENT_VM_OPTIONS=C:\ja-netfilter-all\vmoptions\jetbrains_client.vmoptions
	LEVEL_ZERO_V1_SDK_PATH=C:\Program Files\LevelZeroSDK\1.24.0\
	LOCALAPPDATA=C:\Users\artur\AppData\Local
	LOGONSERVER=\\GAPIS_PC
	NUMBER_OF_PROCESSORS=12
	ONEDRIVE=C:\Users\artur\OneDrive
	ONEDRIVECONSUMER=C:\Users\artur\OneDrive
	OS=Windows_NT
	PATH=C:\Users\artur\AppData\Local\Programs\Python\Python310;C:\Users\artur\AppData\Local\Programs\Python\Python310\Scripts;C:\Program Files (x86)\NVIDIA Corporation\PhysX\Common;C:\WINDOWS\system32;C:\WINDOWS;C:\WINDOWS\System32\Wbem;C:\WINDOWS\System32\WindowsPowerShell\v1.0\;C:\WINDOWS\System32\OpenSSH\;C:\Program Files\Git\cmd;C:\Program Files\dotnet\;
	PATHEXT=.COM;.EXE;.BAT;.CMD;.VBS;.VBE;.JS;.JSE;.WSF;.WSH;.MSC;.CPL
	PHPSTORM_VM_OPTIONS=C:\ja-netfilter-all\vmoptions\phpstorm.vmoptions
	PROCESSOR_ARCHITECTURE=AMD64
	PROCESSOR_IDENTIFIER=Intel64 Family 6 Model 154 Stepping 3, GenuineIntel
	PROCESSOR_LEVEL=6
	PROCESSOR_REVISION=9a03
	PROGRAMDATA=C:\ProgramData
	PROGRAMFILES=C:\Program Files
	PROGRAMFILES(X86)=C:\Program Files (x86)
	PROGRAMW6432=C:\Program Files
	PSMODULEPATH=C:\Users\artur\Documents\WindowsPowerShell\Modules;C:\Program Files\WindowsPowerShell\Modules;C:\WINDOWS\system32\WindowsPowerShell\v1.0\Modules
	PUBLIC=C:\Users\Public
	PYCHARM_VM_OPTIONS=C:\ja-netfilter-all\vmoptions\pycharm.vmoptions
	RIDER_VM_OPTIONS=C:\ja-netfilter-all\vmoptions\rider.vmoptions
	RUBYMINE_VM_OPTIONS=C:\ja-netfilter-all\vmoptions\rubymine.vmoptions
	SESSIONNAME=Console
	STUDIO_VM_OPTIONS=C:\ja-netfilter-all\vmoptions\studio.vmoptions
	SYSTEMDRIVE=C:
	SYSTEMROOT=C:\WINDOWS
	TEMP=C:\Users\artur\AppData\Local\Temp
	TERMINAL_EMULATOR=JetBrains-JediTerm
	TERM_SESSION_ID=ddfbe888-123f-4268-87f8-fc9d337ac3e8
	TMP=C:\Users\artur\AppData\Local\Temp
	USERDOMAIN=GAPIS_PC
	USERDOMAIN_ROAMINGPROFILE=GAPIS_PC
	USERNAME=artur
	USERPROFILE=C:\Users\artur
	VBOX_MSI_INSTALL_PATH=C:\Program Files\Oracle\VirtualBox\
	WEBIDE_VM_OPTIONS=C:\ja-netfilter-all\vmoptions\webide.vmoptions
	WEBSTORM_VM_OPTIONS=C:\ja-netfilter-all\vmoptions\webstorm.vmoptions
	WINDIR=C:\WINDOWS
	ZES_ENABLE_SYSMAN=1
	__INTELLIJ_COMMAND_HISTFILE__=C:\Users\artur\AppData\Local\JetBrains\PyCharm2022.2\terminal\history\BeeWare_project-history

pyproject.toml:
# This project was generated with 0.3.25 using template: https://github.com/beeware/briefcase-template @ v0.3.25
[tool.briefcase]
project_name = "beeapp"
bundle = "com.arturas"
version = "0.0.1"
url = "https://arturas.com/myiosapp"
license.file = "LICENSE"
author = "Arturas"
author_email = "arturas.danilevicius@gmail.com"

[tool.briefcase.app.myiosapp]
formal_name = "Gapis"
description = "my first aplication"
long_description = """More details about the app should go here.
"""
sources = [
    "src/myiosapp",
]
test_sources = [
    "tests",
]

requires = [
]
test_requires = [
    "pytest",
]

[tool.briefcase.app.myiosapp.macOS]
universal_build = true
requires = [
    "toga-cocoa~=0.5.0",
    "std-nslog~=1.0.3",
]

[tool.briefcase.app.myiosapp.linux]
requires = [
    "toga-gtk~=0.5.0",
    # PyGObject 3.52.1 enforces a requirement on libgirepository-2.0-dev. This library
    # isn't available on Debian 12/Ubuntu 22.04. If you don't need to support those (or
    # older) releases, you can remove this version pin. See beeware/toga#3143.
    "pygobject < 3.52.1",
]

[tool.briefcase.app.myiosapp.linux.system.debian]
system_requires = [
    # Needed to compile pycairo wheel
    "libcairo2-dev",
    # One of the following two packages are needed to compile PyGObject wheel. If you
    # remove the pygobject pin in the requires list, you should also change to the
    # version 2.0 of the girepository library. See beeware/toga#3143.
    "libgirepository1.0-dev",
    # "libgirepository-2.0-dev",
]

system_runtime_requires = [
    # Needed to provide GTK and its GI bindings
    "gir1.2-gtk-3.0",
    # One of the following two packages are needed to use PyGObject at runtime. If you
    # remove the pygobject pin in the requires list, you should also change to the
    # version 2.0 of the girepository library. See beeware/toga#3143.
    "libgirepository-1.0-1",
    # "libgirepository-2.0-0",
    # Dependencies that GTK looks for at runtime
    "libcanberra-gtk3-module",
    # Needed to provide WebKit2 at runtime
    # Note: Debian 11 requires gir1.2-webkit2-4.0 instead
    # "gir1.2-webkit2-4.1",
]

[tool.briefcase.app.myiosapp.linux.system.rhel]
system_requires = [
    # Needed to compile pycairo wheel
    "cairo-gobject-devel",
    # Needed to compile PyGObject wheel
    "gobject-introspection-devel",
]

system_runtime_requires = [
    # Needed to support Python bindings to GTK
    "gobject-introspection",
    # Needed to provide GTK
    "gtk3",
    # Dependencies that GTK looks for at runtime
    "libcanberra-gtk3",
    # Needed to provide WebKit2 at runtime
    # "webkit2gtk3",
]

[tool.briefcase.app.myiosapp.linux.system.suse]
system_requires = [
    # Needed to compile pycairo wheel
    "cairo-devel",
    # Needed to compile PyGObject wheel
    "gobject-introspection-devel",
]

system_runtime_requires = [
    # Needed to provide GTK
    "gtk3",
    # Needed to support Python bindings to GTK
    "gobject-introspection", "typelib(Gtk) = 3.0",
    # Dependencies that GTK looks for at runtime
    "libcanberra-gtk3-module",
    # Needed to provide WebKit2 at runtime
    # "libwebkit2gtk3", "typelib(WebKit2)",
]

[tool.briefcase.app.myiosapp.linux.system.arch]
system_requires = [
    # Needed to compile pycairo wheel
    "cairo",
    # Needed to compile PyGObject wheel
    "gobject-introspection",
    # Runtime dependencies that need to exist so that the
    # Arch package passes final validation.
    # Needed to provide GTK
    "gtk3",
    # Dependencies that GTK looks for at runtime
    "libcanberra",
    # Needed to provide WebKit2
    # "webkit2gtk",
]

system_runtime_requires = [
    # Needed to provide GTK
    "gtk3",
    # Needed to provide PyGObject bindings
    "gobject-introspection-runtime",
    # Dependencies that GTK looks for at runtime
    "libcanberra",
    # Needed to provide WebKit2 at runtime
    # "webkit2gtk",
]

[tool.briefcase.app.myiosapp.linux.appimage]
manylinux = "manylinux_2_28"

system_requires = [
    # Needed to compile pycairo wheel
    "cairo-gobject-devel",
    # Needed to compile PyGObject wheel
    "gobject-introspection-devel",
    # Needed to provide GTK
    "gtk3-devel",
    # Dependencies that GTK looks for at runtime, that need to be
    # in the build environment to be picked up by linuxdeploy
    "libcanberra-gtk3",
    "PackageKit-gtk3-module",
    "gvfs-client",
]

linuxdeploy_plugins = [
    "DEPLOY_GTK_VERSION=3 gtk",
]

[tool.briefcase.app.myiosapp.linux.flatpak]
flatpak_runtime = "org.gnome.Platform"
flatpak_runtime_version = "48"
flatpak_sdk = "org.gnome.Sdk"

[tool.briefcase.app.myiosapp.windows]
requires = [
    "toga-winforms~=0.5.0",
]

# Mobile deployments
[tool.briefcase.app.myiosapp.iOS]
requires = [
    "toga-iOS~=0.5.0",
    "std-nslog~=1.0.3",
]

[tool.briefcase.app.myiosapp.android]
requires = [
    "toga-android~=0.5.0",
]

base_theme = "Theme.MaterialComponents.Light.DarkActionBar"

build_gradle_dependencies = [
    "com.google.android.material:material:1.12.0",
    # Needed for DetailedList
    # "androidx.swiperefreshlayout:swiperefreshlayout:1.1.0",
    # Needed for MapView
    # "org.osmdroid:osmdroid-android:6.1.20",
]

# Web deployments
[tool.briefcase.app.myiosapp.web]
requires = [
    "toga-web~=0.5.0",
]
style_framework = "Shoelace v2.3"

Briefcase Log:
[11:14:21]                                                                                                                                                                dev.py:238
           [myiosapp] Installing requirements...                                                                                                                          dev.py:238
           Installing dev requirements... started                                                                                                                          dev.py:89
                                                                                                                                                                   subprocess.py:838
           >>> Running Command:                                                                                                                                    subprocess.py:838
           >>>     'C:\Users\artur\AppData\Local\Programs\Python\Python310\python.exe' -u -X utf8 -m pip install --upgrade 'toga-winforms~=0.5.0' pytest           subprocess.py:838
           >>> Working Directory:                                                                                                                                  subprocess.py:838
           >>>     C:\Users\artur\PycharmProjects\pythonProject\BeeWare_project\myiosapp                                                                           subprocess.py:838
           Requirement already satisfied: toga-winforms~=0.5.0 in c:\users\artur\appdata\local\programs\python\python310\lib\site-packages (0.5.2)                 subprocess.py:195
           Requirement already satisfied: pytest in c:\users\artur\appdata\local\programs\python\python310\lib\site-packages (9.0.1)                               subprocess.py:195
           Requirement already satisfied: pythonnet>=3.0.0 in c:\users\artur\appdata\local\programs\python\python310\lib\site-packages (from toga-winforms~=0.5.0) subprocess.py:195
           (3.0.5)                                                                                                                                                                  
           Requirement already satisfied: toga-core==0.5.2 in c:\users\artur\appdata\local\programs\python\python310\lib\site-packages (from toga-winforms~=0.5.0) subprocess.py:195
           (0.5.2)                                                                                                                                                                  
           Requirement already satisfied: pillow>=10.0.0 in c:\users\artur\appdata\local\programs\python\python310\lib\site-packages (from toga-winforms~=0.5.0)   subprocess.py:195
           (12.0.0)                                                                                                                                                                 
           Requirement already satisfied: travertino==0.5.2 in c:\users\artur\appdata\local\programs\python\python310\lib\site-packages (from                      subprocess.py:195
           toga-core==0.5.2->toga-winforms~=0.5.0) (0.5.2)                                                                                                                          
           Requirement already satisfied: colorama>=0.4 in c:\users\artur\appdata\local\programs\python\python310\lib\site-packages (from pytest) (0.4.6)          subprocess.py:195
           Requirement already satisfied: exceptiongroup>=1 in c:\users\artur\appdata\local\programs\python\python310\lib\site-packages (from pytest) (1.3.0)      subprocess.py:195
           Requirement already satisfied: iniconfig>=1.0.1 in c:\users\artur\appdata\local\programs\python\python310\lib\site-packages (from pytest) (2.3.0)       subprocess.py:195
           Requirement already satisfied: packaging>=22 in c:\users\artur\appdata\local\programs\python\python310\lib\site-packages (from pytest) (25.0)           subprocess.py:195
           Requirement already satisfied: pluggy<2,>=1.5 in c:\users\artur\appdata\local\programs\python\python310\lib\site-packages (from pytest) (1.6.0)         subprocess.py:195
           Requirement already satisfied: pygments>=2.7.2 in c:\users\artur\appdata\local\programs\python\python310\lib\site-packages (from pytest) (2.19.2)       subprocess.py:195
           Requirement already satisfied: tomli>=1 in c:\users\artur\appdata\local\programs\python\python310\lib\site-packages (from pytest) (2.3.0)               subprocess.py:195
           Requirement already satisfied: typing-extensions>=4.6.0 in c:\users\artur\appdata\local\programs\python\python310\lib\site-packages (from               subprocess.py:195
           exceptiongroup>=1->pytest) (4.15.0)                                                                                                                                      
           Requirement already satisfied: clr_loader<0.3.0,>=0.2.7 in c:\users\artur\appdata\local\programs\python\python310\lib\site-packages (from               subprocess.py:195
           pythonnet>=3.0.0->toga-winforms~=0.5.0) (0.2.8)                                                                                                                          
           Requirement already satisfied: cffi>=1.17 in c:\users\artur\appdata\local\programs\python\python310\lib\site-packages (from                             subprocess.py:195
           clr_loader<0.3.0,>=0.2.7->pythonnet>=3.0.0->toga-winforms~=0.5.0) (2.0.0)                                                                                                
           Requirement already satisfied: pycparser in c:\users\artur\appdata\local\programs\python\python310\lib\site-packages (from                              subprocess.py:195
           cffi>=1.17->clr_loader<0.3.0,>=0.2.7->pythonnet>=3.0.0->toga-winforms~=0.5.0) (2.23)                                                                                     
[11:14:22] >>> Return code: 0                                                                                                                                      subprocess.py:838
                                                                                                                                                                   subprocess.py:838
           Installing dev requirements... done                                                                                                                             dev.py:89
                                                                                                                                                                          dev.py:248
           [myiosapp] Starting in dev mode...                                                                                                                             dev.py:248
                                                                                                                                                                   subprocess.py:838
           >>> Running Command:                                                                                                                                    subprocess.py:838
           >>>     'C:\Users\artur\AppData\Local\Programs\Python\Python310\python.exe' -c 'import runpy,                                                           subprocess.py:838
           sys;sys.path.pop(0);sys.argv.extend([]);runpy.run_module("myiosapp", run_name="__main__", alter_sys=True)'                                                               
           >>> Working Directory:                                                                                                                                  subprocess.py:838
           >>>     C:\Users\artur                                                                                                                                  subprocess.py:838
           >>> Environment Overrides:                                                                                                                              subprocess.py:838
           >>>     PYTHONPATH=C:\Users\artur\PycharmProjects\pythonProject\BeeWare_project\myiosapp\src                                                            subprocess.py:838
           >>>     PYTHONMALLOC=default                                                                                                                            subprocess.py:838
           >>>     PYTHONUNBUFFERED=1                                                                                                                              subprocess.py:838
           >>>     PYTHONDEVMODE=1                                                                                                                                 subprocess.py:838
           >>>     PYTHONUTF8=1                                                                                                                                    subprocess.py:838
           ===========================================================================                                                                                    run.py:169
           Traceback (most recent call last):                                                                                                                      subprocess.py:195
             File "<string>", line 1, in <module>                                                                                                                  subprocess.py:195
             File "C:\Users\artur\AppData\Local\Programs\Python\Python310\lib\runpy.py", line 224, in run_module                                                   subprocess.py:195
               return _run_module_code(code, init_globals, run_name, mod_spec)                                                                                     subprocess.py:195
             File "C:\Users\artur\AppData\Local\Programs\Python\Python310\lib\runpy.py", line 96, in _run_module_code                                              subprocess.py:195
               _run_code(code, mod_globals, init_globals,                                                                                                          subprocess.py:195
             File "C:\Users\artur\AppData\Local\Programs\Python\Python310\lib\runpy.py", line 86, in _run_code                                                     subprocess.py:195
               exec(code, run_globals)                                                                                                                             subprocess.py:195
             File "C:\Users\artur\PycharmProjects\pythonProject\BeeWare_project\myiosapp\src\myiosapp\__main__.py", line 1, in <module>                            subprocess.py:195
               from myiosapp.app import main                                                                                                                       subprocess.py:195
             File "C:\Users\artur\PycharmProjects\pythonProject\BeeWare_project\myiosapp\src\myiosapp\app.py", line 2, in <module>                                 subprocess.py:195
               from toga.widgets import Label                                                                                                                      subprocess.py:195
           ImportError: cannot import name 'Label' from 'toga.widgets'                                                                                             subprocess.py:195
           (C:\Users\artur\AppData\Local\Programs\Python\Python310\lib\site-packages\toga\widgets\__init__.py)                                                                      
                                                                                                                                                                      __main__.py:42
           Problem running app myiosapp.                                                                                                                              __main__.py:43
           Saving log... started                                                                                                                                      console.py:438

Main thread traceback:
╭─────────────────────────────────────────────────────────────────────── Traceback (most recent call last) ────────────────────────────────────────────────────────────────────────╮
│ C:\Users\artur\AppData\Local\Programs\Python\Python310\lib\site-packages\briefcase\__main__.py:27 in main                                                                        │
│                                                                                                                                                                                  │
│   24 │   │   │   Path.cwd() / "pyproject.toml",                                                                                                                                  │
│   25 │   │   │   overrides=overrides,                                                                                                                                            │
│   26 │   │   )                                                                                                                                                                   │
│ ❱ 27 │   │   command(**options)                                                                                                                                                  │
│   28 │   except HelpText as e:                                                                                                                                                   │
│   29 │   │   console.info()                                                                                                                                                      │
│   30 │   │   console.info(str(e))                                                                                                                                                │
│                                                                                                                                                                                  │
│ ╭──────────────────────────────────────────────────────── locals ─────────────────────────────────────────────────────────╮                                                      │
│ │       command = <briefcase.platforms.windows.app.WindowsAppDevCommand object at 0x000002AB733ED510>                     │                                                      │
│ │       console = <briefcase.console.Console object at 0x000002AB6FB261D0>                                                │                                                      │
│ │             e = BriefcaseCommandError('Problem running app myiosapp.')                                                  │                                                      │
│ │ extra_cmdline = []                                                                                                      │                                                      │
│ │       options = {'appname': None, 'update_requirements': False, 'run_app': True, 'test_mode': False, 'passthrough': []} │                                                      │
│ │     overrides = {}                                                                                                      │                                                      │
│ │        result = 200                                                                                                     │                                                      │
│ ╰─────────────────────────────────────────────────────────────────────────────────────────────────────────────────────────╯                                                      │
│                                                                                                                                                                                  │
│ C:\Users\artur\AppData\Local\Programs\Python\Python310\lib\site-packages\briefcase\commands\dev.py:250 in __call__                                                               │
│                                                                                                                                                                                  │
│   247 │   │   │   else:                                                                                                                                                          │
│   248 │   │   │   │   self.console.info("Starting in dev mode...", prefix=app.app_name)                                                                                          │
│   249 │   │   │   env = self.get_environment(app)                                                                                                                                │
│ ❱ 250 │   │   │   return self.run_dev_app(                                                                                                                                       │
│   251 │   │   │   │   app,                                                                                                                                                       │
│   252 │   │   │   │   env,                                                                                                                                                       │
│   253 │   │   │   │   passthrough=[] if passthrough is None else passthrough,                                                                                                    │
│                                                                                                                                                                                  │
│ ╭───────────────────────────────────────────────────────────── locals ──────────────────────────────────────────────────────────────╮                                            │
│ │                 app = <com.arturas.myiosapp v0.0.1 AppConfig>                                                                     │                                            │
│ │             appname = None                                                                                                        │                                            │
│ │      dist_info_path = WindowsPath('C:/Users/artur/PycharmProjects/pythonProject/BeeWare_project/myiosapp/src/myiosapp.dist-info') │                                            │
│ │                 env = {                                                                                                           │                                            │
│ │                       │   'PYTHONPATH': 'C:\\Users\\artur\\PycharmProjects\\pythonProject\\BeeWare_project\\myiosapp\\src',       │                                            │
│ │                       │   'PYTHONMALLOC': 'default',                                                                              │                                            │
│ │                       │   'PYTHONUNBUFFERED': '1',                                                                                │                                            │
│ │                       │   'PYTHONDEVMODE': '1',                                                                                   │                                            │
│ │                       │   'PYTHONUTF8': '1'                                                                                       │                                            │
│ │                       }                                                                                                           │                                            │
│ │             options = {}                                                                                                          │                                            │
│ │         passthrough = []                                                                                                          │                                            │
│ │             run_app = True                                                                                                        │                                            │
│ │                self = <briefcase.platforms.windows.app.WindowsAppDevCommand object at 0x000002AB733ED510>                         │                                            │
│ │           test_mode = False                                                                                                       │                                            │
│ │ update_requirements = False                                                                                                       │                                            │
│ ╰───────────────────────────────────────────────────────────────────────────────────────────────────────────────────────────────────╯                                            │
│                                                                                                                                                                                  │
│ C:\Users\artur\AppData\Local\Programs\Python\Python310\lib\site-packages\briefcase\commands\dev.py:168 in run_dev_app                                                            │
│                                                                                                                                                                                  │
│   165 │   │   │   )                                                                                                                                                              │
│   166 │   │   │                                                                                                                                                                  │
│   167 │   │   │   # Start streaming logs for the app.                                                                                                                            │
│ ❱ 168 │   │   │   self._stream_app_logs(                                                                                                                                         │
│   169 │   │   │   │   app,                                                                                                                                                       │
│   170 │   │   │   │   popen=app_popen,                                                                                                                                           │
│   171 │   │   │   │   clean_output=False,                                                                                                                                        │
│                                                                                                                                                                                  │
│ ╭────────────────────────────────────────────────────── locals ───────────────────────────────────────────────────────╮                                                          │
│ │         app = <com.arturas.myiosapp v0.0.1 AppConfig>                                                               │                                                          │
│ │   app_popen = <Popen: returncode: 1 args: ['C:\\Users\\artur\\AppData\\Local\\Programs\\Py...>                      │                                                          │
│ │     cmdline = [                                                                                                     │                                                          │
│ │               │   'C:\\Users\\artur\\AppData\\Local\\Programs\\Python\\Python310\\python.exe',                      │                                                          │
│ │               │   '-c',                                                                                             │                                                          │
│ │               │   'import runpy, sys;sys.path.pop(0);sys.argv.extend([]);runpy.run_module("myiosapp'+39             │                                                          │
│ │               ]                                                                                                     │                                                          │
│ │         env = {                                                                                                     │                                                          │
│ │               │   'PYTHONPATH': 'C:\\Users\\artur\\PycharmProjects\\pythonProject\\BeeWare_project\\myiosapp\\src', │                                                          │
│ │               │   'PYTHONMALLOC': 'default',                                                                        │                                                          │
│ │               │   'PYTHONUNBUFFERED': '1',                                                                          │                                                          │
│ │               │   'PYTHONDEVMODE': '1',                                                                             │                                                          │
│ │               │   'PYTHONUTF8': '1'                                                                                 │                                                          │
│ │               }                                                                                                     │                                                          │
│ │ main_module = 'myiosapp'                                                                                            │                                                          │
│ │     options = {}                                                                                                    │                                                          │
│ │ passthrough = []                                                                                                    │                                                          │
│ │        self = <briefcase.platforms.windows.app.WindowsAppDevCommand object at 0x000002AB733ED510>                   │                                                          │
│ ╰─────────────────────────────────────────────────────────────────────────────────────────────────────────────────────╯                                                          │
│                                                                                                                                                                                  │
│ C:\Users\artur\AppData\Local\Programs\Python\Python310\lib\site-packages\briefcase\commands\run.py:200 in _stream_app_logs                                                       │
│                                                                                                                                                                                  │
│   197 │   │   │   │   # If we're monitoring an actual app (not just a log stream),                                                                                               │
│   198 │   │   │   │   # and the app didn't exit cleanly, surface the error to the user.                                                                                          │
│   199 │   │   │   │   if popen.poll() != 0:                                                                                                                                      │
│ ❱ 200 │   │   │   │   │   raise BriefcaseCommandError(f"Problem running app {app.app_name}.")                                                                                    │
│   201 │   │                                                                                                                                                                      │
│   202 │   │   except KeyboardInterrupt:                                                                                                                                          │
│   203 │   │   │   pass  # Catch CTRL-C to exit normally                                                                                                                          │
│                                                                                                                                                                                  │
│ ╭────────────────────────────────────────────── locals ──────────────────────────────────────────────╮                                                                           │
│ │          app = <com.arturas.myiosapp v0.0.1 AppConfig>                                             │                                                                           │
│ │ clean_filter = None                                                                                │                                                                           │
│ │ clean_output = False                                                                               │                                                                           │
│ │   log_filter = <briefcase.commands.run.LogFilter object at 0x000002AB734804C0>                     │                                                                           │
│ │   log_stream = False                                                                               │                                                                           │
│ │        popen = <Popen: returncode: 1 args: ['C:\\Users\\artur\\AppData\\Local\\Programs\\Py...>    │                                                                           │
│ │         self = <briefcase.platforms.windows.app.WindowsAppDevCommand object at 0x000002AB733ED510> │                                                                           │
│ ╰────────────────────────────────────────────────────────────────────────────────────────────────────╯                                                                           │
╰──────────────────────────────────────────────────────────────────────────────────────────────────────────────────────────────────────────────────────────────────────────────────╯
BriefcaseCommandError: Problem running app myiosapp.
